<?xml version="1.0" encoding="UTF-8"?>
<testng-results skipped="0" failed="0" ignored="0" total="1" passed="1">
  <reporter-output>
  </reporter-output>
  <suite name="Default suite" duration-ms="14990" started-at="2020-12-21T12:51:35 IST" finished-at="2020-12-21T12:51:50 IST">
    <groups>
    </groups>
    <test name="Default test" duration-ms="14990" started-at="2020-12-21T12:51:35 IST" finished-at="2020-12-21T12:51:50 IST">
      <class name="qa.com.test.TestClass">
        <test-method status="PASS" signature="googleSearchTest()[pri:0, instance:qa.com.test.TestClass@1f13d6e]" name="googleSearchTest" duration-ms="14881" started-at="2020-12-21T12:51:35 IST" finished-at="2020-12-21T12:51:50 IST">
          <reporter-output>
          </reporter-output>
        </test-method> <!-- googleSearchTest -->
      </class> <!-- qa.com.test.TestClass -->
    </test> <!-- Default test -->
  </suite> <!-- Default suite -->
</testng-results>
